<?xml version="1.0" encoding="UTF-8"?>
<coverage generated="1788038358">
  <project timestamp="1788038358" name="Clover Coverage">
    <package name="vardumper\IbexaThemeTranslationsBundle\Cache">
      <file name="/home/erik-poehler/Sites/IbexaThemeTranslationsBundle/src/Cache/PublicTranslationsCache.php">
        <class name="vardumper\IbexaThemeTranslationsBundle\Cache\PublicTranslationsCache" namespace="vardumper\IbexaThemeTranslationsBundle\Cache">
          <metrics complexity="15" methods="9" coveredmethods="9" conditionals="0" coveredconditionals="0" statements="36" coveredstatements="36" elements="45" coveredelements="45"/>
        </class>
        <line num="20" type="method" name="__construct" visibility="public" complexity="1" crap="1" count="9"/>
        <line num="23" type="stmt" count="9"/>
        <line num="29" type="method" name="get" visibility="public" complexity="1" crap="1" count="1"/>
        <line num="31" type="stmt" count="1"/>
        <line num="34" type="method" name="warmLanguage" visibility="public" complexity="2" crap="2" count="6"/>
        <line num="36" type="stmt" count="6"/>
        <line num="37" type="stmt" count="6"/>
        <line num="40" type="stmt" count="6"/>
        <line num="41" type="stmt" count="6"/>
        <line num="42" type="stmt" count="6"/>
        <line num="45" type="method" name="invalidateLanguage" visibility="public" complexity="3" crap="3" count="2"/>
        <line num="47" type="stmt" count="2"/>
        <line num="49" type="stmt" count="2"/>
        <line num="50" type="stmt" count="2"/>
        <line num="51" type="stmt" count="2"/>
        <line num="52" type="stmt" count="1"/>
        <line num="57" type="method" name="invalidateAll" visibility="public" complexity="3" crap="3" count="2"/>
        <line num="59" type="stmt" count="2"/>
        <line num="60" type="stmt" count="1"/>
        <line num="63" type="stmt" count="1"/>
        <line num="64" type="stmt" count="1"/>
        <line num="68" type="method" name="writeJson" visibility="private" complexity="1" crap="1" count="6"/>
        <line num="70" type="stmt" count="6"/>
        <line num="71" type="stmt" count="6"/>
        <line num="74" type="method" name="writeTypeScript" visibility="private" complexity="2" crap="2" count="6"/>
        <line num="76" type="stmt" count="6"/>
        <line num="77" type="stmt" count="6"/>
        <line num="78" type="stmt" count="6"/>
        <line num="79" type="stmt" count="6"/>
        <line num="80" type="stmt" count="6"/>
        <line num="81" type="stmt" count="6"/>
        <line num="82" type="stmt" count="6"/>
        <line num="84" type="stmt" count="6"/>
        <line num="85" type="stmt" count="5"/>
        <line num="88" type="stmt" count="6"/>
        <line num="89" type="stmt" count="6"/>
        <line num="90" type="stmt" count="6"/>
        <line num="91" type="stmt" count="6"/>
        <line num="93" type="stmt" count="6"/>
        <line num="96" type="method" name="writeAtomic" visibility="private" complexity="1" crap="1" count="6"/>
        <line num="98" type="stmt" count="6"/>
        <line num="99" type="stmt" count="6"/>
        <line num="100" type="stmt" count="6"/>
        <line num="103" type="method" name="safeName" visibility="private" complexity="1" crap="1" count="7"/>
        <line num="105" type="stmt" count="7"/>
        <metrics loc="108" ncloc="93" classes="1" methods="9" coveredmethods="9" conditionals="0" coveredconditionals="0" statements="36" coveredstatements="36" elements="45" coveredelements="45"/>
      </file>
      <file name="/home/erik-poehler/Sites/IbexaThemeTranslationsBundle/src/Cache/RedisTranslationCache.php">
        <class name="vardumper\IbexaThemeTranslationsBundle\Cache\RedisTranslationCache" namespace="vardumper\IbexaThemeTranslationsBundle\Cache">
          <metrics complexity="18" methods="7" coveredmethods="7" conditionals="0" coveredconditionals="0" statements="39" coveredstatements="39" elements="46" coveredelements="46"/>
        </class>
        <line num="29" type="method" name="__construct" visibility="public" complexity="1" crap="1" count="14"/>
        <line num="33" type="stmt" count="14"/>
        <line num="35" type="method" name="get" visibility="public" complexity="3" crap="3" count="7"/>
        <line num="37" type="stmt" count="7"/>
        <line num="38" type="stmt" count="7"/>
        <line num="39" type="stmt" count="3"/>
        <line num="42" type="stmt" count="4"/>
        <line num="43" type="stmt" count="4"/>
        <line num="44" type="stmt" count="1"/>
        <line num="47" type="stmt" count="3"/>
        <line num="50" type="method" name="warmLanguage" visibility="public" complexity="5" crap="5" count="2"/>
        <line num="52" type="stmt" count="2"/>
        <line num="53" type="stmt" count="2"/>
        <line num="54" type="stmt" count="2"/>
        <line num="55" type="stmt" count="1"/>
        <line num="57" type="stmt" count="2"/>
        <line num="59" type="stmt" count="2"/>
        <line num="60" type="stmt" count="2"/>
        <line num="62" type="stmt" count="2"/>
        <line num="63" type="stmt" count="1"/>
        <line num="64" type="stmt" count="1"/>
        <line num="65" type="stmt" count="1"/>
        <line num="68" type="stmt" count="1"/>
        <line num="69" type="stmt" count="1"/>
        <line num="70" type="stmt" count="1"/>
        <line num="72" type="stmt" count="1"/>
        <line num="75" type="stmt" count="1"/>
        <line num="78" type="method" name="invalidateLanguage" visibility="public" complexity="2" crap="2" count="2"/>
        <line num="80" type="stmt" count="2"/>
        <line num="81" type="stmt" count="1"/>
        <line num="83" type="stmt" count="1"/>
        <line num="87" type="method" name="invalidateAll" visibility="public" complexity="5" crap="5" count="2"/>
        <line num="89" type="stmt" count="2"/>
        <line num="90" type="stmt" count="1"/>
        <line num="91" type="stmt" count="1"/>
        <line num="93" type="stmt" count="1"/>
        <line num="94" type="stmt" count="1"/>
        <line num="95" type="stmt" count="1"/>
        <line num="96" type="stmt" count="1"/>
        <line num="97" type="stmt" count="1"/>
        <line num="103" type="stmt" count="1"/>
        <line num="106" type="stmt" count="2"/>
        <line num="109" type="method" name="getCacheKey" visibility="private" complexity="1" crap="1" count="10"/>
        <line num="111" type="stmt" count="10"/>
        <line num="114" type="method" name="getLanguagesKey" visibility="private" complexity="1" crap="1" count="4"/>
        <line num="116" type="stmt" count="4"/>
        <metrics loc="119" ncloc="98" classes="1" methods="7" coveredmethods="7" conditionals="0" coveredconditionals="0" statements="39" coveredstatements="39" elements="46" coveredelements="46"/>
      </file>
      <file name="/home/erik-poehler/Sites/IbexaThemeTranslationsBundle/src/Cache/StaticArrayTranslationCache.php">
        <class name="vardumper\IbexaThemeTranslationsBundle\Cache\StaticArrayTranslationCache" namespace="vardumper\IbexaThemeTranslationsBundle\Cache">
          <metrics complexity="15" methods="6" coveredmethods="6" conditionals="0" coveredconditionals="0" statements="33" coveredstatements="33" elements="39" coveredelements="39"/>
        </class>
        <line num="14" type="method" name="__construct" visibility="public" complexity="1" crap="1" count="22"/>
        <line num="17" type="stmt" count="22"/>
        <line num="19" type="method" name="get" visibility="public" complexity="3" crap="3" count="15"/>
        <line num="21" type="stmt" count="15"/>
        <line num="22" type="stmt" count="8"/>
        <line num="23" type="stmt" count="8"/>
        <line num="24" type="stmt" count="7"/>
        <line num="26" type="stmt" count="1"/>
        <line num="29" type="stmt" count="9"/>
        <line num="32" type="method" name="warmLanguage" visibility="public" complexity="3" crap="3" count="15"/>
        <line num="34" type="stmt" count="15"/>
        <line num="35" type="stmt" count="15"/>
        <line num="38" type="stmt" count="15"/>
        <line num="39" type="stmt" count="15"/>
        <line num="41" type="stmt" count="15"/>
        <line num="43" type="stmt" count="15"/>
        <line num="44" type="stmt" count="15"/>
        <line num="46" type="stmt" count="15"/>
        <line num="47" type="stmt" count="15"/>
        <line num="50" type="stmt" count="15"/>
        <line num="53" type="method" name="invalidateLanguage" visibility="public" complexity="3" crap="3" count="6"/>
        <line num="55" type="stmt" count="6"/>
        <line num="56" type="stmt" count="6"/>
        <line num="57" type="stmt" count="3"/>
        <line num="58" type="stmt" count="3"/>
        <line num="60" type="stmt" count="3"/>
        <line num="62" type="stmt" count="6"/>
        <line num="65" type="method" name="invalidateAll" visibility="public" complexity="4" crap="4" count="2"/>
        <line num="67" type="stmt" count="2"/>
        <line num="68" type="stmt" count="1"/>
        <line num="71" type="stmt" count="1"/>
        <line num="72" type="stmt" count="1"/>
        <line num="73" type="stmt" count="1"/>
        <line num="74" type="stmt" count="1"/>
        <line num="76" type="stmt" count="1"/>
        <line num="78" type="stmt" count="1"/>
        <line num="81" type="method" name="getFilePath" visibility="private" complexity="1" crap="1" count="20"/>
        <line num="83" type="stmt" count="20"/>
        <line num="85" type="stmt" count="20"/>
        <metrics loc="88" ncloc="84" classes="1" methods="6" coveredmethods="6" conditionals="0" coveredconditionals="0" statements="33" coveredstatements="33" elements="39" coveredelements="39"/>
      </file>
      <file name="/home/erik-poehler/Sites/IbexaThemeTranslationsBundle/src/Cache/TranslationCacheWarmer.php">
        <class name="vardumper\IbexaThemeTranslationsBundle\Cache\TranslationCacheWarmer" namespace="vardumper\IbexaThemeTranslationsBundle\Cache">
          <metrics complexity="12" methods="6" coveredmethods="6" conditionals="0" coveredconditionals="0" statements="15" coveredstatements="15" elements="21" coveredelements="21"/>
        </class>
        <line num="16" type="method" name="__construct" visibility="public" complexity="1" crap="1" count="50"/>
        <line num="20" type="stmt" count="50"/>
        <line num="26" type="method" name="warmLanguage" visibility="public" complexity="2" crap="2" count="9"/>
        <line num="28" type="stmt" count="9"/>
        <line num="30" type="stmt" count="9"/>
        <line num="31" type="stmt" count="9"/>
        <line num="38" type="method" name="invalidateAndWarmLanguage" visibility="public" complexity="2" crap="2" count="5"/>
        <line num="40" type="stmt" count="5"/>
        <line num="41" type="stmt" count="5"/>
        <line num="44" type="stmt" count="5"/>
        <line num="51" type="method" name="invalidateLanguage" visibility="public" complexity="2" crap="2" count="2"/>
        <line num="53" type="stmt" count="2"/>
        <line num="54" type="stmt" count="2"/>
        <line num="61" type="method" name="warmAll" visibility="public" complexity="3" crap="3" count="3"/>
        <line num="63" type="stmt" count="3"/>
        <line num="65" type="stmt" count="3"/>
        <line num="66" type="stmt" count="1"/>
        <line num="67" type="stmt" count="1"/>
        <line num="75" type="method" name="clearAll" visibility="public" complexity="2" crap="2" count="4"/>
        <line num="77" type="stmt" count="4"/>
        <line num="78" type="stmt" count="3"/>
        <metrics loc="82" ncloc="63" classes="1" methods="6" coveredmethods="6" conditionals="0" coveredconditionals="0" statements="15" coveredstatements="15" elements="21" coveredelements="21"/>
      </file>
    </package>
    <file name="/home/erik-poehler/Sites/IbexaThemeTranslationsBundle/src/Cache/TranslationCacheInterface.php">
      <metrics loc="32" ncloc="17" classes="0" methods="0" coveredmethods="0" conditionals="0" coveredconditionals="0" statements="0" coveredstatements="0" elements="0" coveredelements="0"/>
    </file>
    <package name="vardumper\IbexaThemeTranslationsBundle\Client">
      <file name="/home/erik-poehler/Sites/IbexaThemeTranslationsBundle/src/Client/Deepl.php">
        <class name="vardumper\IbexaThemeTranslationsBundle\Client\Deepl" namespace="vardumper\IbexaThemeTranslationsBundle\Client">
          <metrics complexity="20" methods="7" coveredmethods="6" conditionals="0" coveredconditionals="0" statements="49" coveredstatements="46" elements="56" coveredelements="52"/>
        </class>
        <line num="64" type="method" name="__construct" visibility="public" complexity="2" crap="2" count="14"/>
        <line num="66" type="stmt" count="14"/>
        <line num="67" type="stmt" count="14"/>
        <line num="70" type="method" name="getServiceAlias" visibility="public" complexity="1" crap="1" count="3"/>
        <line num="72" type="stmt" count="3"/>
        <line num="75" type="method" name="getServiceFullName" visibility="public" complexity="1" crap="1" count="1"/>
        <line num="77" type="stmt" count="1"/>
        <line num="80" type="method" name="setConfiguration" visibility="public" complexity="2" crap="2" count="5"/>
        <line num="82" type="stmt" count="5"/>
        <line num="83" type="stmt" count="1"/>
        <line num="85" type="stmt" count="4"/>
        <line num="88" type="method" name="translate" visibility="public" complexity="7" crap="7.06" count="3"/>
        <line num="90" type="stmt" count="3"/>
        <line num="91" type="stmt" count="0"/>
        <line num="94" type="stmt" count="3"/>
        <line num="96" type="stmt" count="3"/>
        <line num="97" type="stmt" count="3"/>
        <line num="98" type="stmt" count="3"/>
        <line num="99" type="stmt" count="3"/>
        <line num="100" type="stmt" count="3"/>
        <line num="102" type="stmt" count="2"/>
        <line num="103" type="stmt" count="1"/>
        <line num="106" type="stmt" count="2"/>
        <line num="107" type="stmt" count="2"/>
        <line num="108" type="stmt" count="2"/>
        <line num="109" type="stmt" count="2"/>
        <line num="110" type="stmt" count="2"/>
        <line num="111" type="stmt" count="2"/>
        <line num="112" type="stmt" count="2"/>
        <line num="114" type="stmt" count="2"/>
        <line num="115" type="stmt" count="2"/>
        <line num="116" type="stmt" count="0"/>
        <line num="119" type="stmt" count="2"/>
        <line num="120" type="stmt" count="2"/>
        <line num="121" type="stmt" count="2"/>
        <line num="123" type="stmt" count="2"/>
        <line num="124" type="stmt" count="2"/>
        <line num="125" type="stmt" count="2"/>
        <line num="126" type="stmt" count="0"/>
        <line num="129" type="stmt" count="2"/>
        <line num="132" type="method" name="supportsLanguage" visibility="public" complexity="2" crap="2" count="7"/>
        <line num="135" type="stmt" count="7"/>
        <line num="136" type="stmt" count="1"/>
        <line num="137" type="stmt" count="1"/>
        <line num="141" type="method" name="normalized" visibility="private" complexity="5" crap="5" count="10"/>
        <line num="143" type="stmt" count="10"/>
        <line num="144" type="stmt" count="4"/>
        <line num="147" type="stmt" count="6"/>
        <line num="148" type="stmt" count="6"/>
        <line num="149" type="stmt" count="1"/>
        <line num="152" type="stmt" count="5"/>
        <line num="154" type="stmt" count="5"/>
        <line num="155" type="stmt" count="2"/>
        <line num="158" type="stmt" count="3"/>
        <line num="159" type="stmt" count="1"/>
        <line num="162" type="stmt" count="2"/>
        <metrics loc="165" ncloc="139" classes="1" methods="7" coveredmethods="6" conditionals="0" coveredconditionals="0" statements="49" coveredstatements="46" elements="56" coveredelements="52"/>
      </file>
    </package>
    <package name="vardumper\IbexaThemeTranslationsBundle\Command">
      <file name="/home/erik-poehler/Sites/IbexaThemeTranslationsBundle/src/Command/WarmupTranslationCacheCommand.php">
        <class name="vardumper\IbexaThemeTranslationsBundle\Command\WarmupTranslationCacheCommand" namespace="vardumper\IbexaThemeTranslationsBundle\Command">
          <metrics complexity="5" methods="3" coveredmethods="3" conditionals="0" coveredconditionals="0" statements="17" coveredstatements="17" elements="20" coveredelements="20"/>
        </class>
        <line num="21" type="method" name="__construct" visibility="public" complexity="1" crap="1" count="4"/>
        <line num="24" type="stmt" count="4"/>
        <line num="27" type="method" name="configure" visibility="protected" complexity="1" crap="1" count="4"/>
        <line num="29" type="stmt" count="4"/>
        <line num="30" type="stmt" count="4"/>
        <line num="31" type="stmt" count="4"/>
        <line num="34" type="method" name="execute" visibility="protected" complexity="3" crap="3" count="4"/>
        <line num="36" type="stmt" count="4"/>
        <line num="38" type="stmt" count="4"/>
        <line num="39" type="stmt" count="4"/>
        <line num="41" type="stmt" count="4"/>
        <line num="42" type="stmt" count="2"/>
        <line num="43" type="stmt" count="2"/>
        <line num="46" type="stmt" count="4"/>
        <line num="47" type="stmt" count="2"/>
        <line num="48" type="stmt" count="2"/>
        <line num="50" type="stmt" count="2"/>
        <line num="51" type="stmt" count="2"/>
        <line num="54" type="stmt" count="4"/>
        <line num="56" type="stmt" count="4"/>
        <metrics loc="59" ncloc="59" classes="1" methods="3" coveredmethods="3" conditionals="0" coveredconditionals="0" statements="17" coveredstatements="17" elements="20" coveredelements="20"/>
      </file>
    </package>
    <package name="vardumper\IbexaThemeTranslationsBundle\Controller\Admin">
      <file name="/home/erik-poehler/Sites/IbexaThemeTranslationsBundle/src/Controller/Admin/TranslationsController.php">
        <class name="vardumper\IbexaThemeTranslationsBundle\Controller\Admin\TranslationsController" namespace="vardumper\IbexaThemeTranslationsBundle\Controller\Admin">
          <metrics complexity="79" methods="12" coveredmethods="5" conditionals="0" coveredconditionals="0" statements="394" coveredstatements="324" elements="406" coveredelements="329"/>
        </class>
        <line num="47" type="method" name="__construct" visibility="public" complexity="1" crap="1" count="28"/>
        <line num="58" type="stmt" count="28"/>
        <line num="60" type="method" name="listAction" visibility="public" complexity="2" crap="2" count="2"/>
        <line num="62" type="stmt" count="2"/>
        <line num="63" type="stmt" count="2"/>
        <line num="64" type="stmt" count="2"/>
        <line num="65" type="stmt" count="2"/>
        <line num="66" type="stmt" count="2"/>
        <line num="67" type="stmt" count="2"/>
        <line num="68" type="stmt" count="2"/>
        <line num="69" type="stmt" count="2"/>
        <line num="70" type="stmt" count="2"/>
        <line num="71" type="stmt" count="2"/>
        <line num="72" type="stmt" count="2"/>
        <line num="73" type="stmt" count="2"/>
        <line num="76" type="stmt" count="2"/>
        <line num="77" type="stmt" count="2"/>
        <line num="78" type="stmt" count="2"/>
        <line num="79" type="stmt" count="2"/>
        <line num="80" type="stmt" count="2"/>
        <line num="81" type="stmt" count="2"/>
        <line num="82" type="stmt" count="2"/>
        <line num="83" type="stmt" count="2"/>
        <line num="92" type="stmt" count="2"/>
        <line num="96" type="stmt" count="2"/>
        <line num="97" type="stmt" count="2"/>
        <line num="98" type="stmt" count="2"/>
        <line num="99" type="stmt" count="2"/>
        <line num="100" type="stmt" count="2"/>
        <line num="101" type="stmt" count="2"/>
        <line num="102" type="stmt" count="2"/>
        <line num="107" type="stmt" count="2"/>
        <line num="108" type="stmt" count="2"/>
        <line num="109" type="stmt" count="2"/>
        <line num="110" type="stmt" count="2"/>
        <line num="111" type="stmt" count="2"/>
        <line num="112" type="stmt" count="2"/>
        <line num="113" type="stmt" count="2"/>
        <line num="114" type="stmt" count="2"/>
        <line num="115" type="stmt" count="2"/>
        <line num="117" type="stmt" count="2"/>
        <line num="119" type="stmt" count="2"/>
        <line num="120" type="stmt" count="2"/>
        <line num="121" type="stmt" count="2"/>
        <line num="122" type="stmt" count="2"/>
        <line num="123" type="stmt" count="2"/>
        <line num="125" type="stmt" count="2"/>
        <line num="126" type="stmt" count="2"/>
        <line num="127" type="stmt" count="2"/>
        <line num="129" type="stmt" count="2"/>
        <line num="130" type="stmt" count="2"/>
        <line num="131" type="stmt" count="2"/>
        <line num="133" type="stmt" count="2"/>
        <line num="134" type="stmt" count="2"/>
        <line num="135" type="stmt" count="2"/>
        <line num="136" type="stmt" count="2"/>
        <line num="137" type="stmt" count="2"/>
        <line num="138" type="stmt" count="2"/>
        <line num="139" type="stmt" count="2"/>
        <line num="140" type="stmt" count="2"/>
        <line num="141" type="stmt" count="2"/>
        <line num="142" type="stmt" count="2"/>
        <line num="143" type="stmt" count="2"/>
        <line num="144" type="stmt" count="2"/>
        <line num="145" type="stmt" count="2"/>
        <line num="148" type="method" name="createAction" visibility="public" complexity="16" crap="89.84" count="1"/>
        <line num="150" type="stmt" count="1"/>
        <line num="151" type="stmt" count="1"/>
        <line num="152" type="stmt" count="1"/>
        <line num="153" type="stmt" count="1"/>
        <line num="154" type="stmt" count="1"/>
        <line num="155" type="stmt" count="1"/>
        <line num="156" type="stmt" count="1"/>
        <line num="158" type="stmt" count="1"/>
        <line num="159" type="stmt" count="1"/>
        <line num="160" type="stmt" count="1"/>
        <line num="161" type="stmt" count="1"/>
        <line num="162" type="stmt" count="1"/>
        <line num="163" type="stmt" count="1"/>
        <line num="165" type="stmt" count="1"/>
        <line num="166" type="stmt" count="1"/>
        <line num="167" type="stmt" count="0"/>
        <line num="168" type="stmt" count="0"/>
        <line num="169" type="stmt" count="0"/>
        <line num="170" type="stmt" count="0"/>
        <line num="171" type="stmt" count="0"/>
        <line num="172" type="stmt" count="0"/>
        <line num="176" type="stmt" count="0"/>
        <line num="177" type="stmt" count="0"/>
        <line num="178" type="stmt" count="0"/>
        <line num="179" type="stmt" count="0"/>
        <line num="180" type="stmt" count="0"/>
        <line num="181" type="stmt" count="0"/>
        <line num="182" type="stmt" count="0"/>
        <line num="183" type="stmt" count="0"/>
        <line num="184" type="stmt" count="0"/>
        <line num="185" type="stmt" count="0"/>
        <line num="186" type="stmt" count="0"/>
        <line num="188" type="stmt" count="0"/>
        <line num="190" type="stmt" count="0"/>
        <line num="191" type="stmt" count="0"/>
        <line num="192" type="stmt" count="0"/>
        <line num="193" type="stmt" count="0"/>
        <line num="196" type="stmt" count="0"/>
        <line num="198" type="stmt" count="0"/>
        <line num="199" type="stmt" count="0"/>
        <line num="200" type="stmt" count="0"/>
        <line num="201" type="stmt" count="0"/>
        <line num="202" type="stmt" count="0"/>
        <line num="203" type="stmt" count="0"/>
        <line num="205" type="stmt" count="0"/>
        <line num="206" type="stmt" count="0"/>
        <line num="208" type="stmt" count="1"/>
        <line num="209" type="stmt" count="0"/>
        <line num="210" type="stmt" count="1"/>
        <line num="211" type="stmt" count="0"/>
        <line num="214" type="stmt" count="1"/>
        <line num="216" type="stmt" count="1"/>
        <line num="219" type="stmt" count="0"/>
        <line num="220" type="stmt" count="0"/>
        <line num="221" type="stmt" count="0"/>
        <line num="222" type="stmt" count="0"/>
        <line num="225" type="method" name="editAction" visibility="public" complexity="6" crap="6.11" count="3"/>
        <line num="227" type="stmt" count="3"/>
        <line num="228" type="stmt" count="1"/>
        <line num="231" type="stmt" count="2"/>
        <line num="232" type="stmt" count="2"/>
        <line num="233" type="stmt" count="0"/>
        <line num="236" type="stmt" count="2"/>
        <line num="237" type="stmt" count="2"/>
        <line num="238" type="stmt" count="2"/>
        <line num="239" type="stmt" count="2"/>
        <line num="241" type="stmt" count="2"/>
        <line num="242" type="stmt" count="2"/>
        <line num="243" type="stmt" count="2"/>
        <line num="244" type="stmt" count="2"/>
        <line num="245" type="stmt" count="2"/>
        <line num="246" type="stmt" count="2"/>
        <line num="247" type="stmt" count="2"/>
        <line num="248" type="stmt" count="2"/>
        <line num="249" type="stmt" count="2"/>
        <line num="250" type="stmt" count="2"/>
        <line num="252" type="stmt" count="2"/>
        <line num="253" type="stmt" count="1"/>
        <line num="254" type="stmt" count="1"/>
        <line num="255" type="stmt" count="1"/>
        <line num="256" type="stmt" count="1"/>
        <line num="257" type="stmt" count="1"/>
        <line num="258" type="stmt" count="1"/>
        <line num="260" type="stmt" count="1"/>
        <line num="263" type="stmt" count="0"/>
        <line num="264" type="stmt" count="0"/>
        <line num="265" type="stmt" count="0"/>
        <line num="266" type="stmt" count="0"/>
        <line num="267" type="stmt" count="0"/>
        <line num="268" type="stmt" count="0"/>
        <line num="271" type="stmt" count="1"/>
        <line num="272" type="stmt" count="1"/>
        <line num="273" type="stmt" count="1"/>
        <line num="274" type="stmt" count="1"/>
        <line num="276" type="stmt" count="1"/>
        <line num="277" type="stmt" count="1"/>
        <line num="278" type="stmt" count="1"/>
        <line num="279" type="stmt" count="1"/>
        <line num="280" type="stmt" count="1"/>
        <line num="282" type="stmt" count="1"/>
        <line num="283" type="stmt" count="1"/>
        <line num="284" type="stmt" count="1"/>
        <line num="285" type="stmt" count="1"/>
        <line num="286" type="stmt" count="1"/>
        <line num="287" type="stmt" count="1"/>
        <line num="290" type="method" name="deeplTranslateAction" visibility="public" complexity="10" crap="10" count="7"/>
        <line num="292" type="stmt" count="7"/>
        <line num="293" type="stmt" count="1"/>
        <line num="296" type="stmt" count="6"/>
        <line num="297" type="stmt" count="1"/>
        <line num="298" type="stmt" count="1"/>
        <line num="299" type="stmt" count="1"/>
        <line num="302" type="stmt" count="5"/>
        <line num="303" type="stmt" count="5"/>
        <line num="304" type="stmt" count="1"/>
        <line num="305" type="stmt" count="1"/>
        <line num="306" type="stmt" count="1"/>
        <line num="309" type="stmt" count="4"/>
        <line num="310" type="stmt" count="4"/>
        <line num="311" type="stmt" count="4"/>
        <line num="312" type="stmt" count="4"/>
        <line num="313" type="stmt" count="3"/>
        <line num="314" type="stmt" count="3"/>
        <line num="318" type="stmt" count="4"/>
        <line num="319" type="stmt" count="1"/>
        <line num="320" type="stmt" count="1"/>
        <line num="321" type="stmt" count="1"/>
        <line num="322" type="stmt" count="1"/>
        <line num="323" type="stmt" count="1"/>
        <line num="324" type="stmt" count="1"/>
        <line num="328" type="stmt" count="3"/>
        <line num="329" type="stmt" count="3"/>
        <line num="330" type="stmt" count="3"/>
        <line num="331" type="stmt" count="3"/>
        <line num="332" type="stmt" count="3"/>
        <line num="333" type="stmt" count="1"/>
        <line num="334" type="stmt" count="1"/>
        <line num="335" type="stmt" count="1"/>
        <line num="336" type="stmt" count="1"/>
        <line num="339" type="stmt" count="2"/>
        <line num="340" type="stmt" count="2"/>
        <line num="341" type="stmt" count="2"/>
        <line num="342" type="stmt" count="2"/>
        <line num="343" type="stmt" count="2"/>
        <line num="344" type="stmt" count="1"/>
        <line num="346" type="stmt" count="1"/>
        <line num="348" type="stmt" count="2"/>
        <line num="349" type="stmt" count="2"/>
        <line num="351" type="stmt" count="2"/>
        <line num="352" type="stmt" count="2"/>
        <line num="353" type="stmt" count="2"/>
        <line num="354" type="stmt" count="2"/>
        <line num="355" type="stmt" count="2"/>
        <line num="358" type="method" name="acceptDraftAction" visibility="public" complexity="5" crap="5.22" count="3"/>
        <line num="360" type="stmt" count="3"/>
        <line num="361" type="stmt" count="0"/>
        <line num="364" type="stmt" count="3"/>
        <line num="365" type="stmt" count="3"/>
        <line num="366" type="stmt" count="1"/>
        <line num="367" type="stmt" count="1"/>
        <line num="368" type="stmt" count="1"/>
        <line num="373" type="stmt" count="2"/>
        <line num="375" type="stmt" count="2"/>
        <line num="376" type="stmt" count="2"/>
        <line num="377" type="stmt" count="2"/>
        <line num="378" type="stmt" count="2"/>
        <line num="379" type="stmt" count="2"/>
        <line num="380" type="stmt" count="1"/>
        <line num="382" type="stmt" count="1"/>
        <line num="385" type="stmt" count="2"/>
        <line num="387" type="stmt" count="2"/>
        <line num="388" type="stmt" count="2"/>
        <line num="389" type="stmt" count="2"/>
        <line num="390" type="stmt" count="2"/>
        <line num="391" type="stmt" count="0"/>
        <line num="392" type="stmt" count="0"/>
        <line num="394" type="stmt" count="0"/>
        <line num="395" type="stmt" count="0"/>
        <line num="396" type="stmt" count="0"/>
        <line num="399" type="stmt" count="2"/>
        <line num="400" type="stmt" count="2"/>
        <line num="401" type="stmt" count="2"/>
        <line num="402" type="stmt" count="2"/>
        <line num="405" type="method" name="revertDraftAction" visibility="public" complexity="3" crap="3.01" count="2"/>
        <line num="407" type="stmt" count="2"/>
        <line num="408" type="stmt" count="0"/>
        <line num="411" type="stmt" count="2"/>
        <line num="412" type="stmt" count="2"/>
        <line num="413" type="stmt" count="1"/>
        <line num="414" type="stmt" count="1"/>
        <line num="415" type="stmt" count="1"/>
        <line num="418" type="stmt" count="1"/>
        <line num="419" type="stmt" count="1"/>
        <line num="421" type="stmt" count="1"/>
        <line num="422" type="stmt" count="1"/>
        <line num="423" type="stmt" count="1"/>
        <line num="426" type="method" name="inlineSaveAction" visibility="public" complexity="5" crap="5" count="4"/>
        <line num="428" type="stmt" count="4"/>
        <line num="429" type="stmt" count="1"/>
        <line num="432" type="stmt" count="3"/>
        <line num="433" type="stmt" count="3"/>
        <line num="435" type="stmt" count="3"/>
        <line num="436" type="stmt" count="1"/>
        <line num="437" type="stmt" count="1"/>
        <line num="438" type="stmt" count="1"/>
        <line num="441" type="stmt" count="2"/>
        <line num="442" type="stmt" count="2"/>
        <line num="443" type="stmt" count="1"/>
        <line num="444" type="stmt" count="1"/>
        <line num="445" type="stmt" count="1"/>
        <line num="448" type="stmt" count="1"/>
        <line num="449" type="stmt" count="1"/>
        <line num="450" type="stmt" count="1"/>
        <line num="452" type="stmt" count="1"/>
        <line num="453" type="stmt" count="1"/>
        <line num="454" type="stmt" count="1"/>
        <line num="457" type="method" name="deleteAction" visibility="public" complexity="4" crap="4.01" count="3"/>
        <line num="459" type="stmt" count="3"/>
        <line num="460" type="stmt" count="1"/>
        <line num="463" type="stmt" count="2"/>
        <line num="464" type="stmt" count="1"/>
        <line num="467" type="stmt" count="1"/>
        <line num="468" type="stmt" count="1"/>
        <line num="469" type="stmt" count="0"/>
        <line num="472" type="stmt" count="1"/>
        <line num="473" type="stmt" count="1"/>
        <line num="474" type="stmt" count="1"/>
        <line num="476" type="stmt" count="1"/>
        <line num="479" type="method" name="exportAction" visibility="public" complexity="4" crap="4.01" count="1"/>
        <line num="482" type="stmt" count="1"/>
        <line num="484" type="stmt" count="1"/>
        <line num="486" type="stmt" count="1"/>
        <line num="487" type="stmt" count="1"/>
        <line num="488" type="stmt" count="1"/>
        <line num="489" type="stmt" count="1"/>
        <line num="490" type="stmt" count="1"/>
        <line num="491" type="stmt" count="1"/>
        <line num="493" type="stmt" count="1"/>
        <line num="494" type="stmt" count="1"/>
        <line num="495" type="stmt" count="1"/>
        <line num="496" type="stmt" count="1"/>
        <line num="497" type="stmt" count="1"/>
        <line num="498" type="stmt" count="1"/>
        <line num="499" type="stmt" count="1"/>
        <line num="500" type="stmt" count="1"/>
        <line num="502" type="stmt" count="1"/>
        <line num="503" type="stmt" count="1"/>
        <line num="504" type="stmt" count="1"/>
        <line num="505" type="stmt" count="1"/>
        <line num="507" type="stmt" count="0"/>
        <line num="508" type="stmt" count="0"/>
        <line num="509" type="stmt" count="0"/>
        <line num="515" type="stmt" count="1"/>
        <line num="516" type="stmt" count="1"/>
        <line num="517" type="stmt" count="1"/>
        <line num="518" type="stmt" count="1"/>
        <line num="519" type="stmt" count="1"/>
        <line num="520" type="stmt" count="1"/>
        <line num="521" type="stmt" count="1"/>
        <line num="522" type="stmt" count="1"/>
        <line num="525" type="method" name="importAction" visibility="public" complexity="18" crap="20.93" count="2"/>
        <line num="527" type="stmt" count="2"/>
        <line num="528" type="stmt" count="2"/>
        <line num="529" type="stmt" count="2"/>
        <line num="530" type="stmt" count="2"/>
        <line num="532" type="stmt" count="2"/>
        <line num="533" type="stmt" count="2"/>
        <line num="535" type="stmt" count="2"/>
        <line num="536" type="stmt" count="2"/>
        <line num="539" type="stmt" count="2"/>
        <line num="540" type="stmt" count="2"/>
        <line num="541" type="stmt" count="2"/>
        <line num="542" type="stmt" count="2"/>
        <line num="543" type="stmt" count="2"/>
        <line num="544" type="stmt" count="2"/>
        <line num="546" type="stmt" count="2"/>
        <line num="548" type="stmt" count="2"/>
        <line num="550" type="stmt" count="2"/>
        <line num="551" type="stmt" count="2"/>
        <line num="552" type="stmt" count="2"/>
        <line num="556" type="stmt" count="2"/>
        <line num="557" type="stmt" count="2"/>
        <line num="558" type="stmt" count="2"/>
        <line num="559" type="stmt" count="2"/>
        <line num="560" type="stmt" count="2"/>
        <line num="561" type="stmt" count="2"/>
        <line num="562" type="stmt" count="0"/>
        <line num="565" type="stmt" count="2"/>
        <line num="566" type="stmt" count="2"/>
        <line num="567" type="stmt" count="2"/>
        <line num="568" type="stmt" count="0"/>
        <line num="569" type="stmt" count="0"/>
        <line num="572" type="stmt" count="2"/>
        <line num="573" type="stmt" count="2"/>
        <line num="574" type="stmt" count="2"/>
        <line num="575" type="stmt" count="2"/>
        <line num="576" type="stmt" count="2"/>
        <line num="579" type="stmt" count="2"/>
        <line num="582" type="stmt" count="1"/>
        <line num="583" type="stmt" count="1"/>
        <line num="587" type="stmt" count="2"/>
        <line num="588" type="stmt" count="2"/>
        <line num="590" type="stmt" count="2"/>
        <line num="591" type="stmt" count="2"/>
        <line num="592" type="stmt" count="2"/>
        <line num="593" type="stmt" count="2"/>
        <line num="595" type="stmt" count="1"/>
        <line num="599" type="stmt" count="2"/>
        <line num="600" type="stmt" count="2"/>
        <line num="601" type="stmt" count="2"/>
        <line num="603" type="stmt" count="2"/>
        <line num="604" type="stmt" count="1"/>
        <line num="605" type="stmt" count="1"/>
        <line num="608" type="stmt" count="1"/>
        <line num="611" type="stmt" count="2"/>
        <line num="613" type="stmt" count="2"/>
        <line num="614" type="stmt" count="0"/>
        <line num="615" type="stmt" count="0"/>
        <line num="616" type="stmt" count="0"/>
        <line num="619" type="stmt" count="2"/>
        <line num="620" type="stmt" count="2"/>
        <line num="622" type="stmt" count="2"/>
        <line num="624" type="stmt" count="2"/>
        <line num="625" type="stmt" count="0"/>
        <line num="626" type="stmt" count="0"/>
        <line num="627" type="stmt" count="0"/>
        <line num="628" type="stmt" count="0"/>
        <line num="629" type="stmt" count="0"/>
        <line num="631" type="stmt" count="2"/>
        <line num="634" type="stmt" count="0"/>
        <line num="637" type="stmt" count="0"/>
        <line num="638" type="stmt" count="0"/>
        <line num="639" type="stmt" count="0"/>
        <line num="646" type="method" name="isCsrfValid" visibility="private" complexity="5" crap="5" count="18"/>
        <line num="648" type="stmt" count="18"/>
        <line num="649" type="stmt" count="18"/>
        <line num="650" type="stmt" count="4"/>
        <line num="651" type="stmt" count="4"/>
        <line num="653" type="stmt" count="14"/>
        <line num="656" type="stmt" count="18"/>
        <metrics loc="659" ncloc="640" classes="1" methods="12" coveredmethods="5" conditionals="0" coveredconditionals="0" statements="394" coveredstatements="324" elements="406" coveredelements="329"/>
      </file>
    </package>
    <package name="vardumper\IbexaThemeTranslationsBundle\DataFixtures">
      <file name="/home/erik-poehler/Sites/IbexaThemeTranslationsBundle/src/DataFixtures/DefaultTranslationsFixture.php">
        <class name="vardumper\IbexaThemeTranslationsBundle\DataFixtures\DefaultTranslationsFixture" namespace="vardumper\IbexaThemeTranslationsBundle\DataFixtures">
          <metrics complexity="5" methods="3" coveredmethods="3" conditionals="0" coveredconditionals="0" statements="13" coveredstatements="13" elements="16" coveredelements="16"/>
        </class>
        <line num="14" type="method" name="__construct" visibility="public" complexity="1" crap="1" count="2"/>
        <line num="17" type="stmt" count="2"/>
        <line num="19" type="method" name="load" visibility="public" complexity="1" crap="1" count="2"/>
        <line num="21" type="stmt" count="2"/>
        <line num="22" type="stmt" count="2"/>
        <line num="23" type="stmt" count="2"/>
        <line num="25" type="stmt" count="2"/>
        <line num="26" type="stmt" count="2"/>
        <line num="27" type="stmt" count="2"/>
        <line num="30" type="method" name="addAllIfNotExist" visibility="private" complexity="3" crap="3" count="2"/>
        <line num="32" type="stmt" count="2"/>
        <line num="34" type="stmt" count="2"/>
        <line num="35" type="stmt" count="2"/>
        <line num="36" type="stmt" count="2"/>
        <line num="37" type="stmt" count="2"/>
        <line num="39" type="stmt" count="1"/>
        <metrics loc="44" ncloc="44" classes="1" methods="3" coveredmethods="3" conditionals="0" coveredconditionals="0" statements="13" coveredstatements="13" elements="16" coveredelements="16"/>
      </file>
    </package>
    <package name="vardumper\IbexaThemeTranslationsBundle\DependencyInjection">
      <file name="/home/erik-poehler/Sites/IbexaThemeTranslationsBundle/src/DependencyInjection/Configuration.php">
        <class name="vardumper\IbexaThemeTranslationsBundle\DependencyInjection\Configuration" namespace="vardumper\IbexaThemeTranslationsBundle\DependencyInjection">
          <metrics complexity="1" methods="1" coveredmethods="1" conditionals="0" coveredconditionals="0" statements="22" coveredstatements="22" elements="23" coveredelements="23"/>
        </class>
        <line num="12" type="method" name="getConfigTreeBuilder" visibility="public" complexity="1" crap="1" count="11"/>
        <line num="14" type="stmt" count="11"/>
        <line num="16" type="stmt" count="11"/>
        <line num="17" type="stmt" count="11"/>
        <line num="18" type="stmt" count="11"/>
        <line num="19" type="stmt" count="11"/>
        <line num="20" type="stmt" count="11"/>
        <line num="21" type="stmt" count="11"/>
        <line num="22" type="stmt" count="11"/>
        <line num="23" type="stmt" count="11"/>
        <line num="24" type="stmt" count="11"/>
        <line num="25" type="stmt" count="11"/>
        <line num="26" type="stmt" count="11"/>
        <line num="27" type="stmt" count="11"/>
        <line num="28" type="stmt" count="11"/>
        <line num="29" type="stmt" count="11"/>
        <line num="30" type="stmt" count="11"/>
        <line num="31" type="stmt" count="11"/>
        <line num="32" type="stmt" count="11"/>
        <line num="33" type="stmt" count="11"/>
        <line num="34" type="stmt" count="11"/>
        <line num="35" type="stmt" count="11"/>
        <line num="37" type="stmt" count="11"/>
        <metrics loc="40" ncloc="40" classes="1" methods="1" coveredmethods="1" conditionals="0" coveredconditionals="0" statements="22" coveredstatements="22" elements="23" coveredelements="23"/>
      </file>
      <file name="/home/erik-poehler/Sites/IbexaThemeTranslationsBundle/src/DependencyInjection/IbexaThemeTranslationsExtension.php">
        <class name="vardumper\IbexaThemeTranslationsBundle\DependencyInjection\IbexaThemeTranslationsExtension" namespace="vardumper\IbexaThemeTranslationsBundle\DependencyInjection">
          <metrics complexity="2" methods="1" coveredmethods="1" conditionals="0" coveredconditionals="0" statements="10" coveredstatements="10" elements="11" coveredelements="11"/>
        </class>
        <line num="14" type="method" name="load" visibility="public" complexity="2" crap="2" count="7"/>
        <line num="16" type="stmt" count="7"/>
        <line num="17" type="stmt" count="7"/>
        <line num="19" type="stmt" count="7"/>
        <line num="20" type="stmt" count="7"/>
        <line num="21" type="stmt" count="7"/>
        <line num="22" type="stmt" count="7"/>
        <line num="24" type="stmt" count="7"/>
        <line num="25" type="stmt" count="7"/>
        <line num="28" type="stmt" count="7"/>
        <line num="29" type="stmt" count="5"/>
        <metrics loc="33" ncloc="32" classes="1" methods="1" coveredmethods="1" conditionals="0" coveredconditionals="0" statements="10" coveredstatements="10" elements="11" coveredelements="11"/>
      </file>
    </package>
    <package name="vardumper\IbexaThemeTranslationsBundle\Entity">
      <file name="/home/erik-poehler/Sites/IbexaThemeTranslationsBundle/src/Entity/Translation.php">
        <class name="vardumper\IbexaThemeTranslationsBundle\Entity\Translation" namespace="vardumper\IbexaThemeTranslationsBundle\Entity">
          <metrics complexity="18" methods="13" coveredmethods="12" conditionals="0" coveredconditionals="0" statements="33" coveredstatements="32" elements="46" coveredelements="44"/>
        </class>
        <line num="39" type="method" name="__construct" visibility="public" complexity="1" crap="1" count="41"/>
        <line num="41" type="stmt" count="41"/>
        <line num="42" type="stmt" count="41"/>
        <line num="43" type="stmt" count="41"/>
        <line num="46" type="method" name="create" visibility="public" complexity="1" crap="1" count="4"/>
        <line num="48" type="stmt" count="4"/>
        <line num="51" type="method" name="fromFormData" visibility="public" complexity="1" crap="1" count="2"/>
        <line num="53" type="stmt" count="2"/>
        <line num="56" type="method" name="fromArray" visibility="public" complexity="6" crap="6.04" count="2"/>
        <line num="58" type="stmt" count="2"/>
        <line num="59" type="stmt" count="0"/>
        <line num="62" type="stmt" count="2"/>
        <line num="63" type="stmt" count="2"/>
        <line num="64" type="stmt" count="2"/>
        <line num="65" type="stmt" count="2"/>
        <line num="66" type="stmt" count="2"/>
        <line num="67" type="stmt" count="2"/>
        <line num="68" type="stmt" count="1"/>
        <line num="71" type="stmt" count="2"/>
        <line num="74" type="method" name="getId" visibility="public" complexity="1" crap="1" count="3"/>
        <line num="76" type="stmt" count="3"/>
        <line num="79" type="method" name="setId" visibility="public" complexity="1" crap="1" count="3"/>
        <line num="81" type="stmt" count="3"/>
        <line num="83" type="stmt" count="3"/>
        <line num="86" type="method" name="getLanguageCode" visibility="public" complexity="1" crap="1" count="17"/>
        <line num="88" type="stmt" count="17"/>
        <line num="91" type="method" name="setLanguageCode" visibility="public" complexity="1" crap="1" count="1"/>
        <line num="93" type="stmt" count="1"/>
        <line num="95" type="stmt" count="1"/>
        <line num="98" type="method" name="getTranslation" visibility="public" complexity="1" crap="1" count="15"/>
        <line num="100" type="stmt" count="15"/>
        <line num="103" type="method" name="setTranslation" visibility="public" complexity="1" crap="1" count="5"/>
        <line num="105" type="stmt" count="5"/>
        <line num="107" type="stmt" count="5"/>
        <line num="110" type="method" name="getTransKey" visibility="public" complexity="1" crap="1" count="17"/>
        <line num="112" type="stmt" count="17"/>
        <line num="115" type="method" name="setTransKey" visibility="public" complexity="1" crap="1" count="1"/>
        <line num="117" type="stmt" count="1"/>
        <line num="119" type="stmt" count="1"/>
        <line num="122" type="method" name="jsonSerialize" visibility="public" complexity="1" crap="1" count="1"/>
        <line num="124" type="stmt" count="1"/>
        <line num="125" type="stmt" count="1"/>
        <line num="126" type="stmt" count="1"/>
        <line num="127" type="stmt" count="1"/>
        <line num="128" type="stmt" count="1"/>
        <line num="129" type="stmt" count="1"/>
        <metrics loc="132" ncloc="130" classes="1" methods="13" coveredmethods="12" conditionals="0" coveredconditionals="0" statements="33" coveredstatements="32" elements="46" coveredelements="44"/>
      </file>
      <file name="/home/erik-poehler/Sites/IbexaThemeTranslationsBundle/src/Entity/TranslationDraft.php">
        <class name="vardumper\IbexaThemeTranslationsBundle\Entity\TranslationDraft" namespace="vardumper\IbexaThemeTranslationsBundle\Entity">
          <metrics complexity="7" methods="7" coveredmethods="7" conditionals="0" coveredconditionals="0" statements="11" coveredstatements="11" elements="18" coveredelements="18"/>
        </class>
        <line num="33" type="method" name="__construct" visibility="public" complexity="1" crap="1" count="14"/>
        <line num="35" type="stmt" count="14"/>
        <line num="36" type="stmt" count="14"/>
        <line num="37" type="stmt" count="14"/>
        <line num="38" type="stmt" count="14"/>
        <line num="41" type="method" name="getId" visibility="public" complexity="1" crap="1" count="3"/>
        <line num="43" type="stmt" count="3"/>
        <line num="46" type="method" name="getLanguageCode" visibility="public" complexity="1" crap="1" count="4"/>
        <line num="48" type="stmt" count="4"/>
        <line num="51" type="method" name="getTransKey" visibility="public" complexity="1" crap="1" count="4"/>
        <line num="53" type="stmt" count="4"/>
        <line num="56" type="method" name="getTranslation" visibility="public" complexity="1" crap="1" count="8"/>
        <line num="58" type="stmt" count="8"/>
        <line num="61" type="method" name="setTranslation" visibility="public" complexity="1" crap="1" count="3"/>
        <line num="63" type="stmt" count="3"/>
        <line num="65" type="stmt" count="3"/>
        <line num="68" type="method" name="getCreatedAt" visibility="public" complexity="1" crap="1" count="1"/>
        <line num="70" type="stmt" count="1"/>
        <metrics loc="73" ncloc="73" classes="1" methods="7" coveredmethods="7" conditionals="0" coveredconditionals="0" statements="11" coveredstatements="11" elements="18" coveredelements="18"/>
      </file>
    </package>
    <package name="vardumper\IbexaThemeTranslationsBundle\EventListener">
      <file name="/home/erik-poehler/Sites/IbexaThemeTranslationsBundle/src/EventListener/TranslationCacheInvalidationListener.php">
        <class name="vardumper\IbexaThemeTranslationsBundle\EventListener\TranslationCacheInvalidationListener" namespace="vardumper\IbexaThemeTranslationsBundle\EventListener">
          <metrics complexity="9" methods="6" coveredmethods="6" conditionals="0" coveredconditionals="0" statements="13" coveredstatements="13" elements="19" coveredelements="19"/>
        </class>
        <line num="35" type="method" name="__construct" visibility="public" complexity="1" crap="1" count="5"/>
        <line num="38" type="stmt" count="5"/>
        <line num="40" type="method" name="postPersist" visibility="public" complexity="1" crap="1" count="3"/>
        <line num="42" type="stmt" count="3"/>
        <line num="45" type="method" name="postUpdate" visibility="public" complexity="1" crap="1" count="2"/>
        <line num="47" type="stmt" count="2"/>
        <line num="50" type="method" name="postRemove" visibility="public" complexity="1" crap="1" count="1"/>
        <line num="52" type="stmt" count="1"/>
        <line num="55" type="method" name="postFlush" visibility="public" complexity="3" crap="3" count="5"/>
        <line num="57" type="stmt" count="5"/>
        <line num="58" type="stmt" count="1"/>
        <line num="61" type="stmt" count="4"/>
        <line num="62" type="stmt" count="4"/>
        <line num="64" type="stmt" count="4"/>
        <line num="65" type="stmt" count="4"/>
        <line num="69" type="method" name="queue" visibility="private" complexity="2" crap="2" count="5"/>
        <line num="71" type="stmt" count="5"/>
        <line num="72" type="stmt" count="5"/>
        <line num="73" type="stmt" count="4"/>
        <metrics loc="77" ncloc="64" classes="1" methods="6" coveredmethods="6" conditionals="0" coveredconditionals="0" statements="13" coveredstatements="13" elements="19" coveredelements="19"/>
      </file>
      <file name="/home/erik-poehler/Sites/IbexaThemeTranslationsBundle/src/EventListener/TranslationKeyPropagationListener.php">
        <class name="vardumper\IbexaThemeTranslationsBundle\EventListener\TranslationKeyPropagationListener" namespace="vardumper\IbexaThemeTranslationsBundle\EventListener">
          <metrics complexity="9" methods="3" coveredmethods="3" conditionals="0" coveredconditionals="0" statements="22" coveredstatements="22" elements="25" coveredelements="25"/>
        </class>
        <line num="22" type="method" name="__construct" visibility="public" complexity="1" crap="1" count="4"/>
        <line num="26" type="stmt" count="4"/>
        <line num="28" type="method" name="postPersist" visibility="public" complexity="2" crap="2" count="3"/>
        <line num="30" type="stmt" count="3"/>
        <line num="31" type="stmt" count="3"/>
        <line num="32" type="stmt" count="1"/>
        <line num="35" type="stmt" count="2"/>
        <line num="38" type="method" name="postFlush" visibility="public" complexity="6" crap="6" count="4"/>
        <line num="40" type="stmt" count="4"/>
        <line num="41" type="stmt" count="2"/>
        <line num="44" type="stmt" count="2"/>
        <line num="45" type="stmt" count="2"/>
        <line num="47" type="stmt" count="2"/>
        <line num="48" type="stmt" count="2"/>
        <line num="51" type="stmt" count="2"/>
        <line num="52" type="stmt" count="2"/>
        <line num="54" type="stmt" count="2"/>
        <line num="55" type="stmt" count="2"/>
        <line num="57" type="stmt" count="2"/>
        <line num="58" type="stmt" count="2"/>
        <line num="59" type="stmt" count="2"/>
        <line num="61" type="stmt" count="1"/>
        <line num="62" type="stmt" count="1"/>
        <line num="69" type="stmt" count="2"/>
        <line num="70" type="stmt" count="1"/>
        <metrics loc="74" ncloc="69" classes="1" methods="3" coveredmethods="3" conditionals="0" coveredconditionals="0" statements="22" coveredstatements="22" elements="25" coveredelements="25"/>
      </file>
    </package>
    <package name="vardumper\IbexaThemeTranslationsBundle\EventSubscriber">
      <file name="/home/erik-poehler/Sites/IbexaThemeTranslationsBundle/src/EventSubscriber/LanguageSyncEventSubscriber.php">
        <class name="vardumper\IbexaThemeTranslationsBundle\EventSubscriber\LanguageSyncEventSubscriber" namespace="vardumper\IbexaThemeTranslationsBundle\EventSubscriber">
          <metrics complexity="5" methods="4" coveredmethods="4" conditionals="0" coveredconditionals="0" statements="14" coveredstatements="14" elements="18" coveredelements="18"/>
        </class>
        <line num="18" type="method" name="__construct" visibility="public" complexity="1" crap="1" count="3"/>
        <line num="24" type="stmt" count="3"/>
        <line num="26" type="method" name="getSubscribedEvents" visibility="public" complexity="1" crap="1" count="1"/>
        <line num="28" type="stmt" count="1"/>
        <line num="29" type="stmt" count="1"/>
        <line num="30" type="stmt" count="1"/>
        <line num="31" type="stmt" count="1"/>
        <line num="34" type="method" name="onLanguageCreate" visibility="public" complexity="2" crap="2" count="2"/>
        <line num="36" type="stmt" count="2"/>
        <line num="37" type="stmt" count="2"/>
        <line num="39" type="stmt" count="2"/>
        <line num="40" type="stmt" count="1"/>
        <line num="44" type="stmt" count="2"/>
        <line num="47" type="method" name="onLanguageDelete" visibility="public" complexity="1" crap="1" count="1"/>
        <line num="49" type="stmt" count="1"/>
        <line num="54" type="stmt" count="1"/>
        <line num="55" type="stmt" count="1"/>
        <line num="58" type="stmt" count="1"/>
        <metrics loc="61" ncloc="56" classes="1" methods="4" coveredmethods="4" conditionals="0" coveredconditionals="0" statements="14" coveredstatements="14" elements="18" coveredelements="18"/>
      </file>
      <file name="/home/erik-poehler/Sites/IbexaThemeTranslationsBundle/src/EventSubscriber/MainMenuEventSubscriber.php">
        <class name="vardumper\IbexaThemeTranslationsBundle\EventSubscriber\MainMenuEventSubscriber" namespace="vardumper\IbexaThemeTranslationsBundle\EventSubscriber">
          <metrics complexity="4" methods="3" coveredmethods="3" conditionals="0" coveredconditionals="0" statements="23" coveredstatements="23" elements="26" coveredelements="26"/>
        </class>
        <line num="20" type="method" name="__construct" visibility="public" complexity="1" crap="1" count="2"/>
        <line num="24" type="stmt" count="2"/>
        <line num="25" type="stmt" count="2"/>
        <line num="28" type="method" name="getSubscribedEvents" visibility="public" complexity="1" crap="1" count="1"/>
        <line num="30" type="stmt" count="1"/>
        <line num="31" type="stmt" count="1"/>
        <line num="32" type="stmt" count="1"/>
        <line num="35" type="method" name="onMainMenuConfigure" visibility="public" complexity="2" crap="2" count="2"/>
        <line num="37" type="stmt" count="2"/>
        <line num="39" type="stmt" count="2"/>
        <line num="40" type="stmt" count="1"/>
        <line num="43" type="stmt" count="1"/>
        <line num="44" type="stmt" count="1"/>
        <line num="45" type="stmt" count="1"/>
        <line num="46" type="stmt" count="1"/>
        <line num="47" type="stmt" count="1"/>
        <line num="48" type="stmt" count="1"/>
        <line num="49" type="stmt" count="1"/>
        <line num="50" type="stmt" count="1"/>
        <line num="51" type="stmt" count="1"/>
        <line num="52" type="stmt" count="1"/>
        <line num="53" type="stmt" count="1"/>
        <line num="54" type="stmt" count="1"/>
        <line num="55" type="stmt" count="1"/>
        <line num="56" type="stmt" count="1"/>
        <line num="57" type="stmt" count="1"/>
        <metrics loc="60" ncloc="60" classes="1" methods="3" coveredmethods="3" conditionals="0" coveredconditionals="0" statements="23" coveredstatements="23" elements="26" coveredelements="26"/>
      </file>
    </package>
    <package name="vardumper\IbexaThemeTranslationsBundle\FieldType\Translation">
      <file name="/home/erik-poehler/Sites/IbexaThemeTranslationsBundle/src/FieldType/Translation/Type.php">
        <class name="vardumper\IbexaThemeTranslationsBundle\FieldType\Translation\Type" namespace="vardumper\IbexaThemeTranslationsBundle\FieldType\Translation">
          <metrics complexity="2" methods="2" coveredmethods="2" conditionals="0" coveredconditionals="0" statements="6" coveredstatements="6" elements="8" coveredelements="8"/>
        </class>
        <line num="17" type="method" name="getFieldTypeIdentifier" visibility="public" complexity="1" crap="1" count="1"/>
        <line num="19" type="stmt" count="1"/>
        <line num="22" type="method" name="mapFieldValueForm" visibility="public" complexity="1" crap="1" count="1"/>
        <line num="24" type="stmt" count="1"/>
        <line num="25" type="stmt" count="1"/>
        <line num="26" type="stmt" count="1"/>
        <line num="27" type="stmt" count="1"/>
        <line num="28" type="stmt" count="1"/>
        <metrics loc="31" ncloc="31" classes="1" methods="2" coveredmethods="2" conditionals="0" coveredconditionals="0" statements="6" coveredstatements="6" elements="8" coveredelements="8"/>
      </file>
      <file name="/home/erik-poehler/Sites/IbexaThemeTranslationsBundle/src/FieldType/Translation/Value.php">
        <class name="vardumper\IbexaThemeTranslationsBundle\FieldType\Translation\Value" namespace="vardumper\IbexaThemeTranslationsBundle\FieldType\Translation">
          <metrics complexity="9" methods="9" coveredmethods="9" conditionals="0" coveredconditionals="0" statements="9" coveredstatements="9" elements="18" coveredelements="18"/>
        </class>
        <line num="18" type="method" name="__toString" visibility="public" complexity="1" crap="1" count="3"/>
        <line num="20" type="stmt" count="3"/>
        <line num="23" type="method" name="getId" visibility="public" complexity="1" crap="1" count="1"/>
        <line num="25" type="stmt" count="1"/>
        <line num="28" type="method" name="setId" visibility="public" complexity="1" crap="1" count="1"/>
        <line num="30" type="stmt" count="1"/>
        <line num="33" type="method" name="getTransKey" visibility="public" complexity="1" crap="1" count="3"/>
        <line num="35" type="stmt" count="3"/>
        <line num="38" type="method" name="setTransKey" visibility="public" complexity="1" crap="1" count="5"/>
        <line num="40" type="stmt" count="5"/>
        <line num="43" type="method" name="getLanguageCode" visibility="public" complexity="1" crap="1" count="3"/>
        <line num="45" type="stmt" count="3"/>
        <line num="48" type="method" name="setLanguageCode" visibility="public" complexity="1" crap="1" count="5"/>
        <line num="50" type="stmt" count="5"/>
        <line num="53" type="method" name="getTranslation" visibility="public" complexity="1" crap="1" count="5"/>
        <line num="55" type="stmt" count="5"/>
        <line num="58" type="method" name="setTranslation" visibility="public" complexity="1" crap="1" count="7"/>
        <line num="60" type="stmt" count="7"/>
        <metrics loc="63" ncloc="61" classes="1" methods="9" coveredmethods="9" conditionals="0" coveredconditionals="0" statements="9" coveredstatements="9" elements="18" coveredelements="18"/>
      </file>
    </package>
    <package name="vardumper\IbexaThemeTranslationsBundle\Form\Type">
      <file name="/home/erik-poehler/Sites/IbexaThemeTranslationsBundle/src/Form/Type/TranslationFilterType.php">
        <class name="vardumper\IbexaThemeTranslationsBundle\Form\Type\TranslationFilterType" namespace="vardumper\IbexaThemeTranslationsBundle\Form\Type">
          <metrics complexity="2" methods="2" coveredmethods="2" conditionals="0" coveredconditionals="0" statements="53" coveredstatements="53" elements="55" coveredelements="55"/>
        </class>
        <line num="16" type="method" name="__construct" visibility="public" complexity="1" crap="1" count="7"/>
        <line num="19" type="stmt" count="7"/>
        <line num="21" type="method" name="buildForm" visibility="public" complexity="1" crap="1" count="7"/>
        <line num="23" type="stmt" count="7"/>
        <line num="24" type="stmt" count="7"/>
        <line num="25" type="stmt" count="7"/>
        <line num="26" type="stmt" count="7"/>
        <line num="27" type="stmt" count="7"/>
        <line num="28" type="stmt" count="7"/>
        <line num="29" type="stmt" count="7"/>
        <line num="30" type="stmt" count="7"/>
        <line num="31" type="stmt" count="7"/>
        <line num="32" type="stmt" count="7"/>
        <line num="33" type="stmt" count="7"/>
        <line num="34" type="stmt" count="7"/>
        <line num="35" type="stmt" count="7"/>
        <line num="36" type="stmt" count="7"/>
        <line num="37" type="stmt" count="7"/>
        <line num="39" type="stmt" count="7"/>
        <line num="40" type="stmt" count="7"/>
        <line num="41" type="stmt" count="7"/>
        <line num="42" type="stmt" count="7"/>
        <line num="43" type="stmt" count="7"/>
        <line num="44" type="stmt" count="7"/>
        <line num="45" type="stmt" count="7"/>
        <line num="46" type="stmt" count="7"/>
        <line num="47" type="stmt" count="7"/>
        <line num="48" type="stmt" count="7"/>
        <line num="49" type="stmt" count="7"/>
        <line num="50" type="stmt" count="7"/>
        <line num="51" type="stmt" count="7"/>
        <line num="53" type="stmt" count="7"/>
        <line num="54" type="stmt" count="7"/>
        <line num="55" type="stmt" count="7"/>
        <line num="56" type="stmt" count="7"/>
        <line num="57" type="stmt" count="7"/>
        <line num="58" type="stmt" count="7"/>
        <line num="59" type="stmt" count="7"/>
        <line num="60" type="stmt" count="7"/>
        <line num="61" type="stmt" count="7"/>
        <line num="62" type="stmt" count="7"/>
        <line num="63" type="stmt" count="7"/>
        <line num="64" type="stmt" count="7"/>
        <line num="65" type="stmt" count="7"/>
        <line num="67" type="stmt" count="7"/>
        <line num="68" type="stmt" count="7"/>
        <line num="69" type="stmt" count="7"/>
        <line num="71" type="stmt" count="7"/>
        <line num="72" type="stmt" count="7"/>
        <line num="73" type="stmt" count="7"/>
        <line num="74" type="stmt" count="7"/>
        <line num="75" type="stmt" count="7"/>
        <line num="76" type="stmt" count="7"/>
        <line num="77" type="stmt" count="7"/>
        <line num="78" type="stmt" count="7"/>
        <metrics loc="81" ncloc="81" classes="1" methods="2" coveredmethods="2" conditionals="0" coveredconditionals="0" statements="53" coveredstatements="53" elements="55" coveredelements="55"/>
      </file>
      <file name="/home/erik-poehler/Sites/IbexaThemeTranslationsBundle/src/Form/Type/TranslationType.php">
        <class name="vardumper\IbexaThemeTranslationsBundle\Form\Type\TranslationType" namespace="vardumper\IbexaThemeTranslationsBundle\Form\Type">
          <metrics complexity="3" methods="3" coveredmethods="3" conditionals="0" coveredconditionals="0" statements="61" coveredstatements="61" elements="64" coveredelements="64"/>
        </class>
        <line num="19" type="method" name="__construct" visibility="public" complexity="1" crap="1" count="9"/>
        <line num="22" type="stmt" count="9"/>
        <line num="24" type="method" name="buildForm" visibility="public" complexity="1" crap="1" count="9"/>
        <line num="26" type="stmt" count="9"/>
        <line num="27" type="stmt" count="9"/>
        <line num="28" type="stmt" count="9"/>
        <line num="29" type="stmt" count="9"/>
        <line num="30" type="stmt" count="9"/>
        <line num="31" type="stmt" count="9"/>
        <line num="32" type="stmt" count="9"/>
        <line num="33" type="stmt" count="9"/>
        <line num="34" type="stmt" count="9"/>
        <line num="35" type="stmt" count="9"/>
        <line num="36" type="stmt" count="9"/>
        <line num="37" type="stmt" count="9"/>
        <line num="38" type="stmt" count="9"/>
        <line num="39" type="stmt" count="9"/>
        <line num="40" type="stmt" count="9"/>
        <line num="41" type="stmt" count="9"/>
        <line num="42" type="stmt" count="9"/>
        <line num="43" type="stmt" count="9"/>
        <line num="44" type="stmt" count="9"/>
        <line num="45" type="stmt" count="9"/>
        <line num="47" type="stmt" count="9"/>
        <line num="48" type="stmt" count="9"/>
        <line num="50" type="stmt" count="9"/>
        <line num="51" type="stmt" count="9"/>
        <line num="52" type="stmt" count="9"/>
        <line num="53" type="stmt" count="9"/>
        <line num="54" type="stmt" count="9"/>
        <line num="55" type="stmt" count="9"/>
        <line num="56" type="stmt" count="9"/>
        <line num="57" type="stmt" count="9"/>
        <line num="58" type="stmt" count="9"/>
        <line num="59" type="stmt" count="9"/>
        <line num="60" type="stmt" count="9"/>
        <line num="61" type="stmt" count="9"/>
        <line num="62" type="stmt" count="9"/>
        <line num="63" type="stmt" count="9"/>
        <line num="64" type="stmt" count="9"/>
        <line num="65" type="stmt" count="9"/>
        <line num="66" type="stmt" count="9"/>
        <line num="67" type="stmt" count="9"/>
        <line num="68" type="stmt" count="9"/>
        <line num="69" type="stmt" count="9"/>
        <line num="70" type="stmt" count="9"/>
        <line num="71" type="stmt" count="9"/>
        <line num="72" type="stmt" count="9"/>
        <line num="73" type="stmt" count="9"/>
        <line num="74" type="stmt" count="9"/>
        <line num="75" type="stmt" count="9"/>
        <line num="76" type="stmt" count="9"/>
        <line num="77" type="stmt" count="9"/>
        <line num="78" type="stmt" count="9"/>
        <line num="80" type="stmt" count="9"/>
        <line num="81" type="stmt" count="9"/>
        <line num="82" type="stmt" count="9"/>
        <line num="83" type="stmt" count="9"/>
        <line num="84" type="stmt" count="9"/>
        <line num="85" type="stmt" count="9"/>
        <line num="88" type="method" name="configureOptions" visibility="public" complexity="1" crap="1" count="9"/>
        <line num="90" type="stmt" count="9"/>
        <line num="91" type="stmt" count="9"/>
        <line num="92" type="stmt" count="9"/>
        <metrics loc="95" ncloc="93" classes="1" methods="3" coveredmethods="3" conditionals="0" coveredconditionals="0" statements="61" coveredstatements="61" elements="64" coveredelements="64"/>
      </file>
      <file name="/home/erik-poehler/Sites/IbexaThemeTranslationsBundle/src/Form/Type/TranslationsImportType.php">
        <class name="vardumper\IbexaThemeTranslationsBundle\Form\Type\TranslationsImportType" namespace="vardumper\IbexaThemeTranslationsBundle\Form\Type">
          <metrics complexity="1" methods="1" coveredmethods="1" conditionals="0" coveredconditionals="0" statements="23" coveredstatements="23" elements="24" coveredelements="24"/>
        </class>
        <line num="16" type="method" name="buildForm" visibility="public" complexity="1" crap="1" count="6"/>
        <line num="18" type="stmt" count="6"/>
        <line num="19" type="stmt" count="6"/>
        <line num="20" type="stmt" count="6"/>
        <line num="21" type="stmt" count="6"/>
        <line num="22" type="stmt" count="6"/>
        <line num="23" type="stmt" count="6"/>
        <line num="24" type="stmt" count="6"/>
        <line num="25" type="stmt" count="6"/>
        <line num="26" type="stmt" count="6"/>
        <line num="27" type="stmt" count="6"/>
        <line num="28" type="stmt" count="6"/>
        <line num="30" type="stmt" count="6"/>
        <line num="31" type="stmt" count="6"/>
        <line num="32" type="stmt" count="6"/>
        <line num="33" type="stmt" count="6"/>
        <line num="34" type="stmt" count="6"/>
        <line num="35" type="stmt" count="6"/>
        <line num="36" type="stmt" count="6"/>
        <line num="37" type="stmt" count="6"/>
        <line num="38" type="stmt" count="6"/>
        <line num="40" type="stmt" count="6"/>
        <line num="41" type="stmt" count="6"/>
        <line num="42" type="stmt" count="6"/>
        <metrics loc="45" ncloc="45" classes="1" methods="1" coveredmethods="1" conditionals="0" coveredconditionals="0" statements="23" coveredstatements="23" elements="24" coveredelements="24"/>
      </file>
    </package>
    <package name="vardumper\IbexaThemeTranslationsBundle">
      <file name="/home/erik-poehler/Sites/IbexaThemeTranslationsBundle/src/IbexaThemeTranslationsBundle.php">
        <class name="vardumper\IbexaThemeTranslationsBundle\IbexaThemeTranslationsBundle" namespace="vardumper\IbexaThemeTranslationsBundle">
          <metrics complexity="1" methods="1" coveredmethods="1" conditionals="0" coveredconditionals="0" statements="1" coveredstatements="1" elements="2" coveredelements="2"/>
        </class>
        <line num="11" type="method" name="getPath" visibility="public" complexity="1" crap="1" count="1"/>
        <line num="13" type="stmt" count="1"/>
        <metrics loc="16" ncloc="16" classes="1" methods="1" coveredmethods="1" conditionals="0" coveredconditionals="0" statements="1" coveredstatements="1" elements="2" coveredelements="2"/>
      </file>
    </package>
    <package name="vardumper\IbexaThemeTranslationsBundle\Repository">
      <file name="/home/erik-poehler/Sites/IbexaThemeTranslationsBundle/src/Repository/TranslationDraftRepository.php">
        <class name="vardumper\IbexaThemeTranslationsBundle\Repository\TranslationDraftRepository" namespace="vardumper\IbexaThemeTranslationsBundle\Repository">
          <metrics complexity="7" methods="5" coveredmethods="3" conditionals="0" coveredconditionals="0" statements="28" coveredstatements="21" elements="33" coveredelements="24"/>
        </class>
        <line num="21" type="method" name="__construct" visibility="public" complexity="1" crap="2" count="0"/>
        <line num="23" type="stmt" count="0"/>
        <line num="26" type="method" name="findByTransKey" visibility="public" complexity="1" crap="1" count="1"/>
        <line num="28" type="stmt" count="1"/>
        <line num="29" type="stmt" count="1"/>
        <line num="30" type="stmt" count="1"/>
        <line num="31" type="stmt" count="1"/>
        <line num="32" type="stmt" count="1"/>
        <line num="33" type="stmt" count="1"/>
        <line num="36" type="method" name="findOneByKeyAndLanguage" visibility="public" complexity="1" crap="1" count="1"/>
        <line num="38" type="stmt" count="1"/>
        <line num="39" type="stmt" count="1"/>
        <line num="40" type="stmt" count="1"/>
        <line num="41" type="stmt" count="1"/>
        <line num="48" type="method" name="deleteByLanguageCode" visibility="public" complexity="1" crap="2" count="0"/>
        <line num="50" type="stmt" count="0"/>
        <line num="51" type="stmt" count="0"/>
        <line num="52" type="stmt" count="0"/>
        <line num="53" type="stmt" count="0"/>
        <line num="54" type="stmt" count="0"/>
        <line num="55" type="stmt" count="0"/>
        <line num="65" type="method" name="findIndexedByTransKey" visibility="public" complexity="3" crap="3" count="2"/>
        <line num="67" type="stmt" count="2"/>
        <line num="68" type="stmt" count="1"/>
        <line num="71" type="stmt" count="1"/>
        <line num="72" type="stmt" count="1"/>
        <line num="73" type="stmt" count="1"/>
        <line num="74" type="stmt" count="1"/>
        <line num="75" type="stmt" count="1"/>
        <line num="77" type="stmt" count="1"/>
        <line num="78" type="stmt" count="1"/>
        <line num="79" type="stmt" count="1"/>
        <line num="82" type="stmt" count="1"/>
        <metrics loc="85" ncloc="66" classes="1" methods="5" coveredmethods="3" conditionals="0" coveredconditionals="0" statements="28" coveredstatements="21" elements="33" coveredelements="24"/>
      </file>
      <file name="/home/erik-poehler/Sites/IbexaThemeTranslationsBundle/src/Repository/TranslationRepository.php">
        <class name="vardumper\IbexaThemeTranslationsBundle\Repository\TranslationRepository" namespace="vardumper\IbexaThemeTranslationsBundle\Repository">
          <metrics complexity="35" methods="20" coveredmethods="19" conditionals="0" coveredconditionals="0" statements="139" coveredstatements="138" elements="159" coveredelements="157"/>
        </class>
        <line num="28" type="method" name="__construct" visibility="public" complexity="1" crap="2" count="0"/>
        <line num="30" type="stmt" count="0"/>
        <line num="37" type="method" name="translateOrNull" visibility="public" complexity="2" crap="2" count="4"/>
        <line num="39" type="stmt" count="4"/>
        <line num="40" type="stmt" count="4"/>
        <line num="41" type="stmt" count="4"/>
        <line num="42" type="stmt" count="4"/>
        <line num="43" type="stmt" count="4"/>
        <line num="44" type="stmt" count="4"/>
        <line num="45" type="stmt" count="4"/>
        <line num="46" type="stmt" count="4"/>
        <line num="47" type="stmt" count="4"/>
        <line num="49" type="stmt" count="4"/>
        <line num="50" type="stmt" count="3"/>
        <line num="53" type="stmt" count="2"/>
        <line num="59" type="method" name="translate" visibility="public" complexity="1" crap="1" count="3"/>
        <line num="61" type="stmt" count="3"/>
        <line num="67" type="method" name="findByTransKey" visibility="public" complexity="1" crap="1" count="1"/>
        <line num="69" type="stmt" count="1"/>
        <line num="70" type="stmt" count="1"/>
        <line num="71" type="stmt" count="1"/>
        <line num="72" type="stmt" count="1"/>
        <line num="73" type="stmt" count="1"/>
        <line num="74" type="stmt" count="1"/>
        <line num="77" type="method" name="findByLanguageCode" visibility="public" complexity="1" crap="1" count="1"/>
        <line num="79" type="stmt" count="1"/>
        <line num="80" type="stmt" count="1"/>
        <line num="81" type="stmt" count="1"/>
        <line num="82" type="stmt" count="1"/>
        <line num="83" type="stmt" count="1"/>
        <line num="84" type="stmt" count="1"/>
        <line num="90" type="method" name="findAllByLanguageCodeAsKeyValueMap" visibility="public" complexity="2" crap="2" count="1"/>
        <line num="92" type="stmt" count="1"/>
        <line num="93" type="stmt" count="1"/>
        <line num="94" type="stmt" count="1"/>
        <line num="95" type="stmt" count="1"/>
        <line num="96" type="stmt" count="1"/>
        <line num="97" type="stmt" count="1"/>
        <line num="99" type="stmt" count="1"/>
        <line num="100" type="stmt" count="1"/>
        <line num="101" type="stmt" count="1"/>
        <line num="104" type="stmt" count="1"/>
        <line num="113" type="method" name="findLanguageCodesForKeys" visibility="public" complexity="3" crap="3" count="2"/>
        <line num="115" type="stmt" count="2"/>
        <line num="116" type="stmt" count="1"/>
        <line num="119" type="stmt" count="1"/>
        <line num="120" type="stmt" count="1"/>
        <line num="121" type="stmt" count="1"/>
        <line num="122" type="stmt" count="1"/>
        <line num="123" type="stmt" count="1"/>
        <line num="124" type="stmt" count="1"/>
        <line num="126" type="stmt" count="1"/>
        <line num="127" type="stmt" count="1"/>
        <line num="128" type="stmt" count="1"/>
        <line num="131" type="stmt" count="1"/>
        <line num="138" type="method" name="createFilteredQueryBuilder" visibility="public" complexity="9" crap="9" count="9"/>
        <line num="140" type="stmt" count="9"/>
        <line num="141" type="stmt" count="1"/>
        <line num="143" type="stmt" count="8"/>
        <line num="144" type="stmt" count="1"/>
        <line num="146" type="stmt" count="8"/>
        <line num="148" type="stmt" count="8"/>
        <line num="150" type="stmt" count="8"/>
        <line num="151" type="stmt" count="1"/>
        <line num="152" type="stmt" count="1"/>
        <line num="155" type="stmt" count="8"/>
        <line num="156" type="stmt" count="1"/>
        <line num="157" type="stmt" count="7"/>
        <line num="158" type="stmt" count="1"/>
        <line num="159" type="stmt" count="6"/>
        <line num="160" type="stmt" count="1"/>
        <line num="161" type="stmt" count="1"/>
        <line num="162" type="stmt" count="1"/>
        <line num="163" type="stmt" count="1"/>
        <line num="164" type="stmt" count="1"/>
        <line num="165" type="stmt" count="1"/>
        <line num="168" type="stmt" count="8"/>
        <line num="169" type="stmt" count="1"/>
        <line num="170" type="stmt" count="1"/>
        <line num="173" type="stmt" count="8"/>
        <line num="179" type="method" name="findByFilter" visibility="public" complexity="1" crap="1" count="7"/>
        <line num="181" type="stmt" count="7"/>
        <line num="182" type="stmt" count="7"/>
        <line num="183" type="stmt" count="7"/>
        <line num="189" type="method" name="countByFilter" visibility="public" complexity="1" crap="1" count="1"/>
        <line num="191" type="stmt" count="1"/>
        <line num="192" type="stmt" count="1"/>
        <line num="193" type="stmt" count="1"/>
        <line num="194" type="stmt" count="1"/>
        <line num="202" type="method" name="findPagedByFilter" visibility="public" complexity="1" crap="1" count="1"/>
        <line num="204" type="stmt" count="1"/>
        <line num="205" type="stmt" count="1"/>
        <line num="206" type="stmt" count="1"/>
        <line num="207" type="stmt" count="1"/>
        <line num="208" type="stmt" count="1"/>
        <line num="214" type="method" name="createExportQuery" visibility="public" complexity="1" crap="1" count="1"/>
        <line num="216" type="stmt" count="1"/>
        <line num="217" type="stmt" count="1"/>
        <line num="218" type="stmt" count="1"/>
        <line num="219" type="stmt" count="1"/>
        <line num="222" type="method" name="findByTransKeyAndLocale" visibility="public" complexity="1" crap="1" count="1"/>
        <line num="224" type="stmt" count="1"/>
        <line num="225" type="stmt" count="1"/>
        <line num="226" type="stmt" count="1"/>
        <line num="227" type="stmt" count="1"/>
        <line num="228" type="stmt" count="1"/>
        <line num="229" type="stmt" count="1"/>
        <line num="230" type="stmt" count="1"/>
        <line num="236" type="method" name="findLanguageCodesForKey" visibility="public" complexity="1" crap="1" count="1"/>
        <line num="238" type="stmt" count="1"/>
        <line num="239" type="stmt" count="1"/>
        <line num="240" type="stmt" count="1"/>
        <line num="241" type="stmt" count="1"/>
        <line num="242" type="stmt" count="1"/>
        <line num="243" type="stmt" count="1"/>
        <line num="245" type="stmt" count="1"/>
        <line num="256" type="method" name="findByTransKeysAndLanguages" visibility="public" complexity="3" crap="3" count="2"/>
        <line num="258" type="stmt" count="2"/>
        <line num="259" type="stmt" count="1"/>
        <line num="262" type="stmt" count="1"/>
        <line num="263" type="stmt" count="1"/>
        <line num="264" type="stmt" count="1"/>
        <line num="265" type="stmt" count="1"/>
        <line num="266" type="stmt" count="1"/>
        <line num="267" type="stmt" count="1"/>
        <line num="268" type="stmt" count="1"/>
        <line num="274" type="method" name="findAllLanguageCodes" visibility="public" complexity="1" crap="1" count="1"/>
        <line num="276" type="stmt" count="1"/>
        <line num="277" type="stmt" count="1"/>
        <line num="278" type="stmt" count="1"/>
        <line num="279" type="stmt" count="1"/>
        <line num="281" type="stmt" count="1"/>
        <line num="289" type="method" name="findAllGroupedByLanguage" visibility="public" complexity="2" crap="2" count="1"/>
        <line num="291" type="stmt" count="1"/>
        <line num="292" type="stmt" count="1"/>
        <line num="293" type="stmt" count="1"/>
        <line num="294" type="stmt" count="1"/>
        <line num="296" type="stmt" count="1"/>
        <line num="297" type="stmt" count="1"/>
        <line num="298" type="stmt" count="1"/>
        <line num="301" type="stmt" count="1"/>
        <line num="307" type="method" name="findAllUniqueKeys" visibility="public" complexity="1" crap="1" count="1"/>
        <line num="309" type="stmt" count="1"/>
        <line num="310" type="stmt" count="1"/>
        <line num="311" type="stmt" count="1"/>
        <line num="312" type="stmt" count="1"/>
        <line num="314" type="stmt" count="1"/>
        <line num="317" type="method" name="deleteByLanguageCode" visibility="public" complexity="1" crap="1" count="1"/>
        <line num="319" type="stmt" count="1"/>
        <line num="320" type="stmt" count="1"/>
        <line num="321" type="stmt" count="1"/>
        <line num="322" type="stmt" count="1"/>
        <line num="323" type="stmt" count="1"/>
        <line num="324" type="stmt" count="1"/>
        <line num="333" type="method" name="truncate" visibility="public" complexity="1" crap="1" count="1"/>
        <line num="335" type="stmt" count="1"/>
        <line num="336" type="stmt" count="1"/>
        <line num="337" type="stmt" count="1"/>
        <line num="338" type="stmt" count="1"/>
        <metrics loc="341" ncloc="268" classes="1" methods="20" coveredmethods="19" conditionals="0" coveredconditionals="0" statements="139" coveredstatements="138" elements="159" coveredelements="157"/>
      </file>
    </package>
    <package name="vardumper\IbexaThemeTranslationsBundle\Service">
      <file name="/home/erik-poehler/Sites/IbexaThemeTranslationsBundle/src/Service/DeeplTranslationService.php">
        <class name="vardumper\IbexaThemeTranslationsBundle\Service\DeeplTranslationService" namespace="vardumper\IbexaThemeTranslationsBundle\Service">
          <metrics complexity="7" methods="3" coveredmethods="3" conditionals="0" coveredconditionals="0" statements="14" coveredstatements="14" elements="17" coveredelements="17"/>
        </class>
        <line num="12" type="method" name="__construct" visibility="public" complexity="1" crap="1" count="35"/>
        <line num="16" type="stmt" count="35"/>
        <line num="18" type="method" name="isConfigured" visibility="public" complexity="2" crap="2" count="16"/>
        <line num="20" type="stmt" count="16"/>
        <line num="21" type="stmt" count="3"/>
        <line num="24" type="stmt" count="13"/>
        <line num="38" type="method" name="translate" visibility="public" complexity="4" crap="4" count="7"/>
        <line num="40" type="stmt" count="7"/>
        <line num="41" type="stmt" count="1"/>
        <line num="44" type="stmt" count="6"/>
        <line num="46" type="stmt" count="6"/>
        <line num="47" type="stmt" count="6"/>
        <line num="49" type="stmt" count="6"/>
        <line num="50" type="stmt" count="6"/>
        <line num="52" type="stmt" count="5"/>
        <line num="53" type="stmt" count="4"/>
        <line num="56" type="stmt" count="1"/>
        <metrics loc="59" ncloc="45" classes="1" methods="3" coveredmethods="3" conditionals="0" coveredconditionals="0" statements="14" coveredstatements="14" elements="17" coveredelements="17"/>
      </file>
      <file name="/home/erik-poehler/Sites/IbexaThemeTranslationsBundle/src/Service/IbexaLanguageResolver.php">
        <class name="vardumper\IbexaThemeTranslationsBundle\Service\IbexaLanguageResolver" namespace="vardumper\IbexaThemeTranslationsBundle\Service">
          <metrics complexity="6" methods="3" coveredmethods="2" conditionals="0" coveredconditionals="0" statements="11" coveredstatements="10" elements="14" coveredelements="12"/>
        </class>
        <line num="21" type="method" name="__construct" visibility="public" complexity="1" crap="1" count="5"/>
        <line num="25" type="stmt" count="5"/>
        <line num="30" type="method" name="getUsedLanguages" visibility="public" complexity="4" crap="4.03" count="3"/>
        <line num="32" type="stmt" count="3"/>
        <line num="33" type="stmt" count="0"/>
        <line num="36" type="stmt" count="3"/>
        <line num="38" type="stmt" count="3"/>
        <line num="40" type="stmt" count="3"/>
        <line num="41" type="stmt" count="2"/>
        <line num="42" type="stmt" count="2"/>
        <line num="46" type="stmt" count="3"/>
        <line num="54" type="method" name="getCurrentLanguage" visibility="public" complexity="1" crap="1" count="2"/>
        <line num="56" type="stmt" count="2"/>
        <line num="58" type="stmt" count="2"/>
        <metrics loc="61" ncloc="45" classes="1" methods="3" coveredmethods="2" conditionals="0" coveredconditionals="0" statements="11" coveredstatements="10" elements="14" coveredelements="12"/>
      </file>
      <file name="/home/erik-poehler/Sites/IbexaThemeTranslationsBundle/src/Service/TranslationService.php">
        <class name="vardumper\IbexaThemeTranslationsBundle\Service\TranslationService" namespace="vardumper\IbexaThemeTranslationsBundle\Service">
          <metrics complexity="8" methods="2" coveredmethods="2" conditionals="0" coveredconditionals="0" statements="19" coveredstatements="19" elements="21" coveredelements="21"/>
        </class>
        <line num="29" type="method" name="__construct" visibility="public" complexity="1" crap="1" count="5"/>
        <line num="35" type="stmt" count="5"/>
        <line num="37" type="method" name="translate" visibility="public" complexity="7" crap="7" count="5"/>
        <line num="39" type="stmt" count="5"/>
        <line num="40" type="stmt" count="5"/>
        <line num="41" type="stmt" count="1"/>
        <line num="44" type="stmt" count="4"/>
        <line num="45" type="stmt" count="3"/>
        <line num="46" type="stmt" count="3"/>
        <line num="47" type="stmt" count="1"/>
        <line num="52" type="stmt" count="3"/>
        <line num="53" type="stmt" count="3"/>
        <line num="54" type="stmt" count="1"/>
        <line num="57" type="stmt" count="3"/>
        <line num="59" type="stmt" count="3"/>
        <line num="63" type="stmt" count="2"/>
        <line num="65" type="stmt" count="2"/>
        <line num="68" type="stmt" count="1"/>
        <line num="69" type="stmt" count="1"/>
        <line num="70" type="stmt" count="1"/>
        <line num="73" type="stmt" count="1"/>
        <metrics loc="76" ncloc="57" classes="1" methods="2" coveredmethods="2" conditionals="0" coveredconditionals="0" statements="19" coveredstatements="19" elements="21" coveredelements="21"/>
      </file>
    </package>
    <file name="/home/erik-poehler/Sites/IbexaThemeTranslationsBundle/src/Service/LanguageResolverInterface.php">
      <metrics loc="19" ncloc="13" classes="0" methods="0" coveredmethods="0" conditionals="0" coveredconditionals="0" statements="0" coveredstatements="0" elements="0" coveredelements="0"/>
    </file>
    <file name="/home/erik-poehler/Sites/IbexaThemeTranslationsBundle/src/Service/TranslationServiceInterface.php">
      <metrics loc="15" ncloc="11" classes="0" methods="0" coveredmethods="0" conditionals="0" coveredconditionals="0" statements="0" coveredstatements="0" elements="0" coveredelements="0"/>
    </file>
    <package name="vardumper\IbexaThemeTranslationsBundle\Twig">
      <file name="/home/erik-poehler/Sites/IbexaThemeTranslationsBundle/src/Twig/TranslationExtension.php">
        <class name="vardumper\IbexaThemeTranslationsBundle\Twig\TranslationExtension" namespace="vardumper\IbexaThemeTranslationsBundle\Twig">
          <metrics complexity="1" methods="1" coveredmethods="1" conditionals="0" coveredconditionals="0" statements="3" coveredstatements="3" elements="4" coveredelements="4"/>
        </class>
        <line num="12" type="method" name="getFilters" visibility="public" complexity="1" crap="1" count="1"/>
        <line num="14" type="stmt" count="1"/>
        <line num="18" type="stmt" count="1"/>
        <line num="19" type="stmt" count="1"/>
        <metrics loc="22" ncloc="19" classes="1" methods="1" coveredmethods="1" conditionals="0" coveredconditionals="0" statements="3" coveredstatements="3" elements="4" coveredelements="4"/>
      </file>
      <file name="/home/erik-poehler/Sites/IbexaThemeTranslationsBundle/src/Twig/TranslationRuntime.php">
        <class name="vardumper\IbexaThemeTranslationsBundle\Twig\TranslationRuntime" namespace="vardumper\IbexaThemeTranslationsBundle\Twig">
          <metrics complexity="5" methods="2" coveredmethods="2" conditionals="0" coveredconditionals="0" statements="8" coveredstatements="8" elements="10" coveredelements="10"/>
        </class>
        <line num="13" type="method" name="__construct" visibility="public" complexity="1" crap="1" count="5"/>
        <line num="18" type="stmt" count="5"/>
        <line num="28" type="method" name="l10n" visibility="public" complexity="4" crap="4" count="5"/>
        <line num="30" type="stmt" count="5"/>
        <line num="31" type="stmt" count="1"/>
        <line num="34" type="stmt" count="4"/>
        <line num="35" type="stmt" count="4"/>
        <line num="37" type="stmt" count="4"/>
        <line num="38" type="stmt" count="1"/>
        <line num="41" type="stmt" count="3"/>
        <metrics loc="44" ncloc="36" classes="1" methods="2" coveredmethods="2" conditionals="0" coveredconditionals="0" statements="8" coveredstatements="8" elements="10" coveredelements="10"/>
      </file>
    </package>
    <metrics files="32" loc="2959" ncloc="2648" classes="29" methods="145" coveredmethods="132" conditionals="0" coveredconditionals="0" statements="1119" coveredstatements="1036" elements="1264" coveredelements="1168"/>
  </project>
</coverage>
